Using pre-set license
Built from '2021.1/staging' branch; Version is '2021.1.13f1 (a03098edbbe0) revision 10498200'; Using compiler version '192528614'; Build Type 'Release'
OS: 'Windows 10 Home; OS build 19042.1110; Version 2009; 64bit' Language: 'en' Physical Memory: 16334 MB
BatchMode: 1, IsHumanControllingUs: 0, StartBugReporterOnCrash: 0, Is64bit: 1, IsPro: 0

 COMMAND LINE ARGUMENTS:
C:\Program Files\Unity\Hub\Editor\2021.1.13f1\Editor\Unity.exe
-adb2
-batchMode
-noUpm
-name
AssetImportWorker0
-projectPath
D:/UniBackup/2DGameProgramming/FinalAssessment_FNF/2DPro_Final_MusicGame
-logFile
Logs/AssetImportWorker0.log
-srvPort
63821
Successfully changed project path to: D:/UniBackup/2DGameProgramming/FinalAssessment_FNF/2DPro_Final_MusicGame
D:/UniBackup/2DGameProgramming/FinalAssessment_FNF/2DPro_Final_MusicGame
Using Asset Import Pipeline V2.
Refreshing native plugins compatible for Editor in 123.65 ms, found 4 plugins.
Preloading 0 native plugins for Editor in 0.00 ms.
Initialize engine version: 2021.1.13f1 (a03098edbbe0)
[Subsystems] Discovering subsystems at path C:/Program Files/Unity/Hub/Editor/2021.1.13f1/Editor/Data/Resources/UnitySubsystems
[Subsystems] Discovering subsystems at path D:/UniBackup/2DGameProgramming/FinalAssessment_FNF/2DPro_Final_MusicGame/Assets
GfxDevice: creating device client; threaded=0; jobified=0
Direct3D:
    Version:  Direct3D 11.0 [level 11.1]
    Renderer: AMD Radeon RX 5700 (ID=0x731f)
    Vendor:   ATI
    VRAM:     8151 MB
    Driver:   27.20.22001.14011
Initialize mono
Mono path[0] = 'C:/Program Files/Unity/Hub/Editor/2021.1.13f1/Editor/Data/Managed'
Mono path[1] = 'C:/Program Files/Unity/Hub/Editor/2021.1.13f1/Editor/Data/MonoBleedingEdge/lib/mono/unityjit'
Mono config path = 'C:/Program Files/Unity/Hub/Editor/2021.1.13f1/Editor/Data/MonoBleedingEdge/etc'
Using monoOptions --debugger-agent=transport=dt_socket,embedding=1,server=y,suspend=n,address=127.0.0.1:56616
Begin MonoManager ReloadAssembly
Registering precompiled unity dll's ...
Register platform support module: C:/Program Files/Unity/Hub/Editor/2021.1.13f1/Editor/Data/PlaybackEngines/WindowsStandaloneSupport/UnityEditor.WindowsStandalone.Extensions.dll
Registered in 0.004407 seconds.
Native extension for WindowsStandalone target not found
Refreshing native plugins compatible for Editor in 122.85 ms, found 4 plugins.
Preloading 0 native plugins for Editor in 0.00 ms.
Mono: successfully reloaded assembly
- Completed reload, in  1.991 seconds
Domain Reload Profiling:
	ReloadAssembly (1991ms)
		BeginReloadAssembly (83ms)
			ExecutionOrderSort (0ms)
			DisableScriptedObjects (0ms)
			BackupInstance (0ms)
			ReleaseScriptingObjects (0ms)
			CreateAndSetChildDomain (1ms)
		EndReloadAssembly (581ms)
			LoadAssemblies (78ms)
			RebuildTransferFunctionScriptingTraits (0ms)
			SetupTypeCache (201ms)
			ReleaseScriptCaches (0ms)
			RebuildScriptCaches (33ms)
			SetupLoadedEditorAssemblies (287ms)
				LogAssemblyErrors (0ms)
				InitializePlatformSupportModulesInManaged (7ms)
				SetLoadedEditorAssemblies (0ms)
				RefreshPlugins (123ms)
				BeforeProcessingInitializeOnLoad (2ms)
				ProcessInitializeOnLoadAttributes (119ms)
				ProcessInitializeOnLoadMethodAttributes (35ms)
				AfterProcessingInitializeOnLoad (0ms)
				EditorAssembliesLoaded (0ms)
			ExecutionOrderSort2 (0ms)
			AwakeInstancesAfterBackupRestoration (0ms)
Platform modules already initialized, skipping
Registering precompiled user dll's ...
Registered in 0.013510 seconds.
Begin MonoManager ReloadAssembly
Symbol file LoadedFromMemory doesn't match image D:\UniBackup\2DGameProgramming\FinalAssessment_FNF\2DPro_Final_MusicGame\Library\PackageCache\com.unity.visualscripting@1.6.1\Editor\VisualScripting.Core\Dependencies\YamlDotNet\Unity.VisualScripting.YamlDotNet.dll
Symbol file LoadedFromMemory doesn't match image D:\UniBackup\2DGameProgramming\FinalAssessment_FNF\2DPro_Final_MusicGame\Library\PackageCache\com.unity.visualscripting@1.6.1\Editor\VisualScripting.Core\Dependencies\DotNetZip\Unity.VisualScripting.IonicZip.dll
Native extension for WindowsStandalone target not found
Refreshing native plugins compatible for Editor in 124.09 ms, found 4 plugins.
Preloading 0 native plugins for Editor in 0.00 ms.
Mono: successfully reloaded assembly
- Completed reload, in  1.605 seconds
Domain Reload Profiling:
	ReloadAssembly (1606ms)
		BeginReloadAssembly (195ms)
			ExecutionOrderSort (0ms)
			DisableScriptedObjects (6ms)
			BackupInstance (0ms)
			ReleaseScriptingObjects (0ms)
			CreateAndSetChildDomain (23ms)
		EndReloadAssembly (1325ms)
			LoadAssemblies (135ms)
			RebuildTransferFunctionScriptingTraits (0ms)
			SetupTypeCache (443ms)
			ReleaseScriptCaches (1ms)
			RebuildScriptCaches (64ms)
			SetupLoadedEditorAssemblies (575ms)
				LogAssemblyErrors (0ms)
				InitializePlatformSupportModulesInManaged (5ms)
				SetLoadedEditorAssemblies (0ms)
				RefreshPlugins (124ms)
				BeforeProcessingInitializeOnLoad (111ms)
				ProcessInitializeOnLoadAttributes (298ms)
				ProcessInitializeOnLoadMethodAttributes (20ms)
				AfterProcessingInitializeOnLoad (17ms)
				EditorAssembliesLoaded (0ms)
			ExecutionOrderSort2 (0ms)
			AwakeInstancesAfterBackupRestoration (8ms)
Platform modules already initialized, skipping
========================================================================
Worker process is ready to serve import requests
Launched and connected shader compiler UnityShaderCompiler.exe after 0.07 seconds
Refreshing native plugins compatible for Editor in 0.81 ms, found 4 plugins.
Preloading 0 native plugins for Editor in 0.00 ms.
Unloading 3682 Unused Serialized files (Serialized files now loaded: 0)
System memory in use before: 138.4 MB.
System memory in use after: 138.4 MB.

Unloading 37 unused Assets to reduce memory usage. Loaded Objects now: 4127.
Total: 3.133100 ms (FindLiveObjects: 0.346500 ms CreateObjectMapping: 0.094900 ms MarkObjects: 2.548500 ms  DeleteObjects: 0.142000 ms)

AssetImportParameters requested are different than current active one (requested -> active):
  custom:framework-win-MediaFoundation: 216162199b28c13a410421893ffa2e32 -> 
  custom:video-decoder-ogg-theora: a1e56fd34408186e4bbccfd4996cb3dc -> 
  custom:container-muxer-webm: aa71ff27fc2769a1b78a27578f13a17b -> 
  custom:container-demuxer-webm: 4f35f7cbe854078d1ac9338744f61a02 -> 
  custom:container-demuxer-ogg: 62fdf1f143b41e24485cea50d1cbac27 -> 
  custom:video-encoder-webm-vp8: eb34c28f22e8b96e1ab97ce403110664 -> 
  custom:video-decoder-webm-vp8: 9c59270c3fd7afecdb556c50c9e8de78 -> 
  custom:audio-decoder-ogg-vorbis: bf7c407c2cedff20999df2af8eb42d56 -> 
  custom:audio-encoder-webm-vorbis: bf7c407c2cedff20999df2af8eb42d56 -> 
========================================================================
Received Import Request.
  path: Assets/Scenes/StartMenu.unity
  artifactKey: Guid(8ab5ab13f3cbf8e4bb9551ec89b1f0eb) Importer(815301076,1909f56bfc062723c751e8b465ee728b)
Start importing Assets/Scenes/StartMenu.unity using Guid(8ab5ab13f3cbf8e4bb9551ec89b1f0eb) Importer(815301076,1909f56bfc062723c751e8b465ee728b)  -> (artifact id: 'a8fc388aa1eb8f2849d743442dd6fed4') in 0.021362 seconds 
========================================================================
Received Prepare
Refreshing native plugins compatible for Editor in 7.12 ms, found 4 plugins.
Preloading 0 native plugins for Editor in 0.00 ms.
Unloading 23 Unused Serialized files (Serialized files now loaded: 0)
System memory in use before: 64.8 MB.
System memory in use after: 64.9 MB.

Unloading 23 unused Assets to reduce memory usage. Loaded Objects now: 4127.
Total: 3.856900 ms (FindLiveObjects: 0.379500 ms CreateObjectMapping: 0.125300 ms MarkObjects: 3.225400 ms  DeleteObjects: 0.125700 ms)

AssetImportParameters requested are different than current active one (requested -> active):
  custom:framework-win-MediaFoundation: 216162199b28c13a410421893ffa2e32 -> 
  custom:video-decoder-ogg-theora: a1e56fd34408186e4bbccfd4996cb3dc -> 
  custom:container-muxer-webm: aa71ff27fc2769a1b78a27578f13a17b -> 
  custom:container-demuxer-webm: 4f35f7cbe854078d1ac9338744f61a02 -> 
  custom:container-demuxer-ogg: 62fdf1f143b41e24485cea50d1cbac27 -> 
  custom:video-encoder-webm-vp8: eb34c28f22e8b96e1ab97ce403110664 -> 
  custom:video-decoder-webm-vp8: 9c59270c3fd7afecdb556c50c9e8de78 -> 
  custom:audio-decoder-ogg-vorbis: bf7c407c2cedff20999df2af8eb42d56 -> 
  custom:audio-encoder-webm-vorbis: bf7c407c2cedff20999df2af8eb42d56 -> 
========================================================================
Received Prepare
Registering precompiled user dll's ...
Registered in 0.016734 seconds.
Begin MonoManager ReloadAssembly
Symbol file LoadedFromMemory doesn't match image D:\UniBackup\2DGameProgramming\FinalAssessment_FNF\2DPro_Final_MusicGame\Library\PackageCache\com.unity.visualscripting@1.6.1\Editor\VisualScripting.Core\Dependencies\YamlDotNet\Unity.VisualScripting.YamlDotNet.dll
Symbol file LoadedFromMemory doesn't match image D:\UniBackup\2DGameProgramming\FinalAssessment_FNF\2DPro_Final_MusicGame\Library\PackageCache\com.unity.visualscripting@1.6.1\Editor\VisualScripting.Core\Dependencies\DotNetZip\Unity.VisualScripting.IonicZip.dll
Native extension for WindowsStandalone target not found
Refreshing native plugins compatible for Editor in 0.80 ms, found 4 plugins.
Preloading 0 native plugins for Editor in 0.00 ms.
Mono: successfully reloaded assembly
- Completed reload, in  1.336 seconds
Domain Reload Profiling:
	ReloadAssembly (1337ms)
		BeginReloadAssembly (150ms)
			ExecutionOrderSort (0ms)
			DisableScriptedObjects (9ms)
			BackupInstance (0ms)
			ReleaseScriptingObjects (0ms)
			CreateAndSetChildDomain (44ms)
		EndReloadAssembly (1103ms)
			LoadAssemblies (127ms)
			RebuildTransferFunctionScriptingTraits (0ms)
			SetupTypeCache (420ms)
			ReleaseScriptCaches (1ms)
			RebuildScriptCaches (55ms)
			SetupLoadedEditorAssemblies (385ms)
				LogAssemblyErrors (0ms)
				InitializePlatformSupportModulesInManaged (6ms)
				SetLoadedEditorAssemblies (0ms)
				RefreshPlugins (1ms)
				BeforeProcessingInitializeOnLoad (81ms)
				ProcessInitializeOnLoadAttributes (270ms)
				ProcessInitializeOnLoadMethodAttributes (10ms)
				AfterProcessingInitializeOnLoad (16ms)
				EditorAssembliesLoaded (0ms)
			ExecutionOrderSort2 (0ms)
			AwakeInstancesAfterBackupRestoration (12ms)
Platform modules already initialized, skipping
Refreshing native plugins compatible for Editor in 0.81 ms, found 4 plugins.
Preloading 0 native plugins for Editor in 0.00 ms.
Unloading 3664 Unused Serialized files (Serialized files now loaded: 0)
System memory in use before: 137.1 MB.
System memory in use after: 137.2 MB.

Unloading 25 unused Assets to reduce memory usage. Loaded Objects now: 4131.
Total: 3.410700 ms (FindLiveObjects: 0.403300 ms CreateObjectMapping: 0.123400 ms MarkObjects: 2.752400 ms  DeleteObjects: 0.130500 ms)

AssetImportParameters requested are different than current active one (requested -> active):
  custom:framework-win-MediaFoundation: 216162199b28c13a410421893ffa2e32 -> 
  custom:video-decoder-ogg-theora: a1e56fd34408186e4bbccfd4996cb3dc -> 
  custom:container-muxer-webm: aa71ff27fc2769a1b78a27578f13a17b -> 
  custom:container-demuxer-webm: 4f35f7cbe854078d1ac9338744f61a02 -> 
  custom:container-demuxer-ogg: 62fdf1f143b41e24485cea50d1cbac27 -> 
  custom:video-encoder-webm-vp8: eb34c28f22e8b96e1ab97ce403110664 -> 
  custom:video-decoder-webm-vp8: 9c59270c3fd7afecdb556c50c9e8de78 -> 
  custom:audio-decoder-ogg-vorbis: bf7c407c2cedff20999df2af8eb42d56 -> 
  custom:audio-encoder-webm-vorbis: bf7c407c2cedff20999df2af8eb42d56 -> 
========================================================================
Received Import Request.
  Time since last request: 107.428575 seconds.
  path: Assets/PlayerCharcater
  artifactKey: Guid(678faffa8043a56449d4dd60a32a69e1) Importer(815301076,1909f56bfc062723c751e8b465ee728b)
Start importing Assets/PlayerCharcater using Guid(678faffa8043a56449d4dd60a32a69e1) Importer(815301076,1909f56bfc062723c751e8b465ee728b)  -> (artifact id: '599ae0b70a7ccf9bea6c329adb11765a') in 0.013861 seconds 
========================================================================
Received Import Request.
  Time since last request: 8.418526 seconds.
  path: Assets/EnemySprite
  artifactKey: Guid(dc65c764e69491b4890de28733dd0b56) Importer(815301076,1909f56bfc062723c751e8b465ee728b)
Start importing Assets/EnemySprite using Guid(dc65c764e69491b4890de28733dd0b56) Importer(815301076,1909f56bfc062723c751e8b465ee728b)  -> (artifact id: 'dd18f275e4e0923be97885cf6e948539') in 0.019245 seconds 
========================================================================
Received Import Request.
  Time since last request: 53.524286 seconds.
  path: Assets/Music
  artifactKey: Guid(0c0ef20d43def5949987ce8015423555) Importer(815301076,1909f56bfc062723c751e8b465ee728b)
Start importing Assets/Music using Guid(0c0ef20d43def5949987ce8015423555) Importer(815301076,1909f56bfc062723c751e8b465ee728b)  -> (artifact id: '90720cbb968a0c4ed1080e74c6c36148') in 0.022123 seconds 
========================================================================
Received Import Request.
  Time since last request: 180.967341 seconds.
  path: Assets/EnemyAssets
  artifactKey: Guid(dc65c764e69491b4890de28733dd0b56) Importer(815301076,1909f56bfc062723c751e8b465ee728b)
Start importing Assets/EnemyAssets using Guid(dc65c764e69491b4890de28733dd0b56) Importer(815301076,1909f56bfc062723c751e8b465ee728b)  -> (artifact id: 'dd01f221bd46857bb333148e08083021') in 0.030265 seconds 
========================================================================
Received Import Request.
  Time since last request: 948.536610 seconds.
  path: Assets/Funkin-master
  artifactKey: Guid(3ceee72454b98ed44839dd33f335e645) Importer(815301076,1909f56bfc062723c751e8b465ee728b)
Start importing Assets/Funkin-master using Guid(3ceee72454b98ed44839dd33f335e645) Importer(815301076,1909f56bfc062723c751e8b465ee728b)  -> (artifact id: 'bd882b760ff6393c8223597b9307a423') in 0.009115 seconds 
========================================================================
Received Import Request.
  Time since last request: 6.078435 seconds.
  path: Assets/Funkin-master/assets
  artifactKey: Guid(1b86f98f45e2d0f419a3414e79cd89ca) Importer(815301076,1909f56bfc062723c751e8b465ee728b)
Start importing Assets/Funkin-master/assets using Guid(1b86f98f45e2d0f419a3414e79cd89ca) Importer(815301076,1909f56bfc062723c751e8b465ee728b)  -> (artifact id: 'a30d765288596ac075ad471a89e3f975') in 0.008952 seconds 
========================================================================
Received Import Request.
  Time since last request: 4.384251 seconds.
  path: Assets/Funkin-master/assets/week1
  artifactKey: Guid(b2a8690e05796d846afd82e9369120a5) Importer(815301076,1909f56bfc062723c751e8b465ee728b)
Start importing Assets/Funkin-master/assets/week1 using Guid(b2a8690e05796d846afd82e9369120a5) Importer(815301076,1909f56bfc062723c751e8b465ee728b)  -> (artifact id: '9bface0c08cce345e53c788960c64be2') in 0.009004 seconds 
========================================================================
Received Import Request.
  Time since last request: 0.909018 seconds.
  path: Assets/Funkin-master/assets/week1/week1_stuff_here.txt
  artifactKey: Guid(c4575098e0d4b0b4aa5574821c82ffd0) Importer(815301076,1909f56bfc062723c751e8b465ee728b)
Start importing Assets/Funkin-master/assets/week1/week1_stuff_here.txt using Guid(c4575098e0d4b0b4aa5574821c82ffd0) Importer(815301076,1909f56bfc062723c751e8b465ee728b)  -> (artifact id: 'ac8211c966636cb3af9c787e6083f948') in 0.048348 seconds 
========================================================================
Received Import Request.
  Time since last request: 49.858223 seconds.
  path: Assets/Funkin-master/assets/preload
  artifactKey: Guid(9bb4bf23328f2c84ebd8ba5c0c10a1f2) Importer(815301076,1909f56bfc062723c751e8b465ee728b)
Start importing Assets/Funkin-master/assets/preload using Guid(9bb4bf23328f2c84ebd8ba5c0c10a1f2) Importer(815301076,1909f56bfc062723c751e8b465ee728b)  -> (artifact id: '8bd8c8afe93a9ef3d69ff06fbd05a697') in 0.010087 seconds 
========================================================================
Received Import Request.
  Time since last request: 1.562663 seconds.
  path: Assets/Funkin-master/assets/preload/images
  artifactKey: Guid(109a543adb39a3d40a2c49c210a5e7f8) Importer(815301076,1909f56bfc062723c751e8b465ee728b)
Start importing Assets/Funkin-master/assets/preload/images using Guid(109a543adb39a3d40a2c49c210a5e7f8) Importer(815301076,1909f56bfc062723c751e8b465ee728b)  -> (artifact id: '5788c12baceebda6d6062b2f62908aa8') in 0.032398 seconds 
========================================================================
Received Import Request.
  Time since last request: 0.052883 seconds.
  path: Assets/Funkin-master/assets/preload/images/alphabet.png
  artifactKey: Guid(32359749ad6cc4044b493292e4ed113d) Importer(815301076,1909f56bfc062723c751e8b465ee728b)
Start importing Assets/Funkin-master/assets/preload/images/alphabet.png using Guid(32359749ad6cc4044b493292e4ed113d) Importer(815301076,1909f56bfc062723c751e8b465ee728b)  -> (artifact id: 'e590c34fed77536f3e13de1ad449a176') in 0.142281 seconds 
========================================================================
Received Import Request.
  Time since last request: 0.000318 seconds.
  path: Assets/Funkin-master/assets/preload/images/num5.png
  artifactKey: Guid(d50b7e95f670d7c4182439e8d1a351fc) Importer(815301076,1909f56bfc062723c751e8b465ee728b)
Start importing Assets/Funkin-master/assets/preload/images/num5.png using Guid(d50b7e95f670d7c4182439e8d1a351fc) Importer(815301076,1909f56bfc062723c751e8b465ee728b)  -> (artifact id: '9e52511c8a64f1684969ce533622faa9') in 0.026319 seconds 
========================================================================
Received Import Request.
  Time since last request: 0.000420 seconds.
  path: Assets/Funkin-master/assets/preload/images/num0.png
  artifactKey: Guid(5360dd1370cc09948a002c753a9bf5ff) Importer(815301076,1909f56bfc062723c751e8b465ee728b)
Start importing Assets/Funkin-master/assets/preload/images/num0.png using Guid(5360dd1370cc09948a002c753a9bf5ff) Importer(815301076,1909f56bfc062723c751e8b465ee728b)  -> (artifact id: 'e6ba989f34bb16f65a2475d076c9b772') in 0.023586 seconds 
========================================================================
Received Import Request.
  Time since last request: 0.000354 seconds.
  path: Assets/Funkin-master/assets/preload/images/newgrounds_logo.png
  artifactKey: Guid(e8c0912581de88f4d8807b156e1d5fb4) Importer(815301076,1909f56bfc062723c751e8b465ee728b)
Start importing Assets/Funkin-master/assets/preload/images/newgrounds_logo.png using Guid(e8c0912581de88f4d8807b156e1d5fb4) Importer(815301076,1909f56bfc062723c751e8b465ee728b)  -> (artifact id: '5231e9fde20c6cd4a41191cbed9bf4fb') in 0.028877 seconds 
========================================================================
Received Import Request.
  Time since last request: 0.000299 seconds.
  path: Assets/Funkin-master/assets/preload/images/logo.png
  artifactKey: Guid(7c24ee11131bf364da3e33904fe1e739) Importer(815301076,1909f56bfc062723c751e8b465ee728b)
Start importing Assets/Funkin-master/assets/preload/images/logo.png using Guid(7c24ee11131bf364da3e33904fe1e739) Importer(815301076,1909f56bfc062723c751e8b465ee728b)  -> (artifact id: 'fcf94aa148aa1097edddd39b6478ded5') in 0.027132 seconds 
========================================================================
Received Import Request.
  Time since last request: 0.000332 seconds.
  path: Assets/Funkin-master/assets/preload/images/num1.png
  artifactKey: Guid(957e0a17ba7be404d8abea7f639d54fa) Importer(815301076,1909f56bfc062723c751e8b465ee728b)
Start importing Assets/Funkin-master/assets/preload/images/num1.png using Guid(957e0a17ba7be404d8abea7f639d54fa) Importer(815301076,1909f56bfc062723c751e8b465ee728b)  -> (artifact id: 'd2783a2ba908266aa072140e6181d54d') in 0.022302 seconds 
========================================================================
Received Import Request.
  Time since last request: 0.000357 seconds.
  path: Assets/Funkin-master/assets/preload/images/num2.png
  artifactKey: Guid(5fd5dd464d293b6489214210381313ad) Importer(815301076,1909f56bfc062723c751e8b465ee728b)
Start importing Assets/Funkin-master/assets/preload/images/num2.png using Guid(5fd5dd464d293b6489214210381313ad) Importer(815301076,1909f56bfc062723c751e8b465ee728b)  -> (artifact id: 'db32cdf215e7f40d2fbd9c91fd098463') in 0.023685 seconds 
========================================================================
Received Import Request.
  Time since last request: 0.000403 seconds.
  path: Assets/Funkin-master/assets/preload/images/num8.png
  artifactKey: Guid(dc6f1ded0f0b764409271336c029e70f) Importer(815301076,1909f56bfc062723c751e8b465ee728b)
Start importing Assets/Funkin-master/assets/preload/images/num8.png using Guid(dc6f1ded0f0b764409271336c029e70f) Importer(815301076,1909f56bfc062723c751e8b465ee728b)  -> (artifact id: '8ed2d4af6673b401856e064f0628ee0a') in 0.021359 seconds 
========================================================================
Received Import Request.
  Time since last request: 0.000456 seconds.
  path: Assets/Funkin-master/assets/preload/images/num3.png
  artifactKey: Guid(451c44b44b2753d40b23367e9301f7e6) Importer(815301076,1909f56bfc062723c751e8b465ee728b)
Start importing Assets/Funkin-master/assets/preload/images/num3.png using Guid(451c44b44b2753d40b23367e9301f7e6) Importer(815301076,1909f56bfc062723c751e8b465ee728b)  -> (artifact id: '13d5dbdc0f9ceb3215556ee694d762da') in 0.022445 seconds 
========================================================================
Received Import Request.
  Time since last request: 0.000326 seconds.
  path: Assets/Funkin-master/assets/preload/images/num7.png
  artifactKey: Guid(c3d8a15bdebd5fd42bb9d018c2aa61a5) Importer(815301076,1909f56bfc062723c751e8b465ee728b)
Start importing Assets/Funkin-master/assets/preload/images/num7.png using Guid(c3d8a15bdebd5fd42bb9d018c2aa61a5) Importer(815301076,1909f56bfc062723c751e8b465ee728b)  -> (artifact id: '2931c82e5c72cd78e84754f2c8fbf1f4') in 0.022695 seconds 
========================================================================
Received Import Request.
  Time since last request: 0.000308 seconds.
  path: Assets/Funkin-master/assets/preload/images/campaign_menu_UI_characters.png
  artifactKey: Guid(924f10c04eb43d042a684483fe92ce33) Importer(815301076,1909f56bfc062723c751e8b465ee728b)
Start importing Assets/Funkin-master/assets/preload/images/campaign_menu_UI_characters.png using Guid(924f10c04eb43d042a684483fe92ce33) Importer(815301076,1909f56bfc062723c751e8b465ee728b)  -> (artifact id: 'b9a85377477503bebbf98d30e48101a2') in 0.026783 seconds 
========================================================================
Received Import Request.
  Time since last request: 0.000322 seconds.
  path: Assets/Funkin-master/assets/preload/images/menuBGBlue.png
  artifactKey: Guid(6ebddc459a10d9c418b0c9a869f4608e) Importer(815301076,1909f56bfc062723c751e8b465ee728b)
Start importing Assets/Funkin-master/assets/preload/images/menuBGBlue.png using Guid(6ebddc459a10d9c418b0c9a869f4608e) Importer(815301076,1909f56bfc062723c751e8b465ee728b)  -> (artifact id: 'cc2d1602aba6fa2c88e19520b490ad95') in 0.031271 seconds 
========================================================================
Received Import Request.
  Time since last request: 0.000288 seconds.
  path: Assets/Funkin-master/assets/preload/images/iconGrid.png
  artifactKey: Guid(ed06f4c76a3ffde4da9d9a3d346b90b5) Importer(815301076,1909f56bfc062723c751e8b465ee728b)
Start importing Assets/Funkin-master/assets/preload/images/iconGrid.png using Guid(ed06f4c76a3ffde4da9d9a3d346b90b5) Importer(815301076,1909f56bfc062723c751e8b465ee728b)  -> (artifact id: '38d45fb40f34508fa57806e5dd84c7b9') in 0.023304 seconds 
========================================================================
Received Import Request.
  Time since last request: 0.000329 seconds.
  path: Assets/Funkin-master/assets/preload/images/gfDanceTitle.png
  artifactKey: Guid(5d3bd07b5ce9d9246b1fe40544609296) Importer(815301076,1909f56bfc062723c751e8b465ee728b)
Start importing Assets/Funkin-master/assets/preload/images/gfDanceTitle.png using Guid(5d3bd07b5ce9d9246b1fe40544609296) Importer(815301076,1909f56bfc062723c751e8b465ee728b)  -> (artifact id: '5cf1127cfa227585792928b91c649517') in 0.026898 seconds 
========================================================================
Received Import Request.
  Time since last request: 0.000295 seconds.
  path: Assets/Funkin-master/assets/preload/images/titleEnter.png
  artifactKey: Guid(8908ceeb140cd9348b5b7cca79b0dea3) Importer(815301076,1909f56bfc062723c751e8b465ee728b)
Start importing Assets/Funkin-master/assets/preload/images/titleEnter.png using Guid(8908ceeb140cd9348b5b7cca79b0dea3) Importer(815301076,1909f56bfc062723c751e8b465ee728b)  -> (artifact id: '5828a921a5f81671614f6abaa72c3b8e') in 0.028772 seconds 
========================================================================
Received Import Request.
  Time since last request: 0.000314 seconds.
  path: Assets/Funkin-master/assets/preload/images/num4.png
  artifactKey: Guid(aba20cb48b02ed64981cd0ee6a0f2cf7) Importer(815301076,1909f56bfc062723c751e8b465ee728b)
Start importing Assets/Funkin-master/assets/preload/images/num4.png using Guid(aba20cb48b02ed64981cd0ee6a0f2cf7) Importer(815301076,1909f56bfc062723c751e8b465ee728b)  -> (artifact id: '64a9e6b169827a79d30a440d85e09e57') in 0.021177 seconds 
========================================================================
Received Import Request.
  Time since last request: 0.000377 seconds.
  path: Assets/Funkin-master/assets/preload/images/FNF_main_menu_assets.png
  artifactKey: Guid(35814f0c51888aa419ce622d8e36fc3d) Importer(815301076,1909f56bfc062723c751e8b465ee728b)
Start importing Assets/Funkin-master/assets/preload/images/FNF_main_menu_assets.png using Guid(35814f0c51888aa419ce622d8e36fc3d) Importer(815301076,1909f56bfc062723c751e8b465ee728b)  -> (artifact id: 'a5cbdc51a04fa3f5e7a416ac7182a364') in 0.025746 seconds 
========================================================================
Received Import Request.
  Time since last request: 0.000375 seconds.
  path: Assets/Funkin-master/assets/preload/images/campaign_menu_UI_assets.png
  artifactKey: Guid(82d8e45e140d8904583757e32dd45e74) Importer(815301076,1909f56bfc062723c751e8b465ee728b)
Start importing Assets/Funkin-master/assets/preload/images/campaign_menu_UI_assets.png using Guid(82d8e45e140d8904583757e32dd45e74) Importer(815301076,1909f56bfc062723c751e8b465ee728b)  -> (artifact id: '4cd9e95c5d030f3916d6bbfe9fa0fd4a') in 0.021507 seconds 
========================================================================
Received Import Request.
  Time since last request: 0.000338 seconds.
  path: Assets/Funkin-master/assets/preload/images/num6.png
  artifactKey: Guid(76288f74ad9374541ac25fba88cbf336) Importer(815301076,1909f56bfc062723c751e8b465ee728b)
Start importing Assets/Funkin-master/assets/preload/images/num6.png using Guid(76288f74ad9374541ac25fba88cbf336) Importer(815301076,1909f56bfc062723c751e8b465ee728b)  -> (artifact id: '8456fdd945313109a4621b9d535f8b62') in 0.021953 seconds 
========================================================================
Received Import Request.
  Time since last request: 0.000364 seconds.
  path: Assets/Funkin-master/assets/preload/images/menuBG.png
  artifactKey: Guid(0cff9c8b7c06026479eea2cf607ceb46) Importer(815301076,1909f56bfc062723c751e8b465ee728b)
Start importing Assets/Funkin-master/assets/preload/images/menuBG.png using Guid(0cff9c8b7c06026479eea2cf607ceb46) Importer(815301076,1909f56bfc062723c751e8b465ee728b)  -> (artifact id: '65b5dc356e2b1dcf5939462e4911dfab') in 0.029267 seconds 
========================================================================
Received Import Request.
  Time since last request: 0.000298 seconds.
  path: Assets/Funkin-master/assets/preload/images/num9.png
  artifactKey: Guid(77a6333613066bc44a5c242800565271) Importer(815301076,1909f56bfc062723c751e8b465ee728b)
Start importing Assets/Funkin-master/assets/preload/images/num9.png using Guid(77a6333613066bc44a5c242800565271) Importer(815301076,1909f56bfc062723c751e8b465ee728b)  -> (artifact id: 'c306124304abbf1c5fb928f9bed9ce81') in 0.065633 seconds 
========================================================================
Received Import Request.
  Time since last request: 0.000364 seconds.
  path: Assets/Funkin-master/assets/preload/images/logoBumpin.png
  artifactKey: Guid(6796e61a0faf7bd4e879d759462432f2) Importer(815301076,1909f56bfc062723c751e8b465ee728b)
Start importing Assets/Funkin-master/assets/preload/images/logoBumpin.png using Guid(6796e61a0faf7bd4e879d759462432f2) Importer(815301076,1909f56bfc062723c751e8b465ee728b)  -> (artifact id: '6ff7da1800fde12aad18c63bc7eb5ddc') in 0.052888 seconds 
========================================================================
Received Import Request.
  Time since last request: 0.000363 seconds.
  path: Assets/Funkin-master/assets/preload/images/menuBGMagenta.png
  artifactKey: Guid(51f9cfa79084bda4d81e45ff7b047ea7) Importer(815301076,1909f56bfc062723c751e8b465ee728b)
Start importing Assets/Funkin-master/assets/preload/images/menuBGMagenta.png using Guid(51f9cfa79084bda4d81e45ff7b047ea7) Importer(815301076,1909f56bfc062723c751e8b465ee728b)  -> (artifact id: '99ce327227eb4f2602e67c2c6b232abb') in 0.048152 seconds 
========================================================================
Received Import Request.
  Time since last request: 0.000448 seconds.
  path: Assets/Funkin-master/assets/preload/images/menuDesat.png
  artifactKey: Guid(af6e821f5de596c4aa28b9468a92240a) Importer(815301076,1909f56bfc062723c751e8b465ee728b)
Start importing Assets/Funkin-master/assets/preload/images/menuDesat.png using Guid(af6e821f5de596c4aa28b9468a92240a) Importer(815301076,1909f56bfc062723c751e8b465ee728b)  -> (artifact id: '16db9d7a4f0c6e068fc5b878f466f67a') in 0.039775 seconds 
========================================================================
Received Import Request.
  Time since last request: 3.166961 seconds.
  path: Assets/Funkin-master/assets/preload/images/storymenu
  artifactKey: Guid(6fd92b88b6aaf4d4d9c3f13690801fcc) Importer(815301076,1909f56bfc062723c751e8b465ee728b)
Start importing Assets/Funkin-master/assets/preload/images/storymenu using Guid(6fd92b88b6aaf4d4d9c3f13690801fcc) Importer(815301076,1909f56bfc062723c751e8b465ee728b)  -> (artifact id: '501377c2cc8b488105b77abfa94ac3db') in 0.009250 seconds 
========================================================================
Received Import Request.
  Time since last request: 0.070282 seconds.
  path: Assets/Funkin-master/assets/preload/images/storymenu/week0.png
  artifactKey: Guid(34bf3fd577fcd604f9af7e60e235da9c) Importer(815301076,1909f56bfc062723c751e8b465ee728b)
Start importing Assets/Funkin-master/assets/preload/images/storymenu/week0.png using Guid(34bf3fd577fcd604f9af7e60e235da9c) Importer(815301076,1909f56bfc062723c751e8b465ee728b)  -> (artifact id: '88a9adea03d5bc8abf36cd84a4fa346e') in 0.021019 seconds 
========================================================================
Received Import Request.
  Time since last request: 0.000334 seconds.
  path: Assets/Funkin-master/assets/preload/images/storymenu/week5.png
  artifactKey: Guid(3b4f2fdd58be62c4f8df42c735164975) Importer(815301076,1909f56bfc062723c751e8b465ee728b)
Start importing Assets/Funkin-master/assets/preload/images/storymenu/week5.png using Guid(3b4f2fdd58be62c4f8df42c735164975) Importer(815301076,1909f56bfc062723c751e8b465ee728b)  -> (artifact id: 'bd4700cc12670fedab02dd71c96c9b3d') in 0.020003 seconds 
========================================================================
Received Import Request.
  Time since last request: 0.000312 seconds.
  path: Assets/Funkin-master/assets/preload/images/storymenu/week3.png
  artifactKey: Guid(ac7d834b32624434f9e1fce03f6be72b) Importer(815301076,1909f56bfc062723c751e8b465ee728b)
Start importing Assets/Funkin-master/assets/preload/images/storymenu/week3.png using Guid(ac7d834b32624434f9e1fce03f6be72b) Importer(815301076,1909f56bfc062723c751e8b465ee728b)  -> (artifact id: '5d312c0e924c76682cdab29800c6ac2c') in 0.021963 seconds 
========================================================================
Received Import Request.
  Time since last request: 0.000367 seconds.
  path: Assets/Funkin-master/assets/preload/images/storymenu/week4.png
  artifactKey: Guid(4aae35a63564b484591603dbb00e02a1) Importer(815301076,1909f56bfc062723c751e8b465ee728b)
Start importing Assets/Funkin-master/assets/preload/images/storymenu/week4.png using Guid(4aae35a63564b484591603dbb00e02a1) Importer(815301076,1909f56bfc062723c751e8b465ee728b)  -> (artifact id: 'ea36c46a5735babded826961b36ca35c') in 0.020807 seconds 
========================================================================
Received Import Request.
  Time since last request: 0.000356 seconds.
  path: Assets/Funkin-master/assets/preload/images/storymenu/week1.png
  artifactKey: Guid(a37c08dffdea0704ea31219b670d64ba) Importer(815301076,1909f56bfc062723c751e8b465ee728b)
Start importing Assets/Funkin-master/assets/preload/images/storymenu/week1.png using Guid(a37c08dffdea0704ea31219b670d64ba) Importer(815301076,1909f56bfc062723c751e8b465ee728b)  -> (artifact id: 'a6d03ce0c9d35f27a2ee56745010bf0f') in 0.021722 seconds 
========================================================================
Received Import Request.
  Time since last request: 0.000373 seconds.
  path: Assets/Funkin-master/assets/preload/images/storymenu/week2.png
  artifactKey: Guid(6c3fea98c0b80a14bab92c58a1659d5c) Importer(815301076,1909f56bfc062723c751e8b465ee728b)
Start importing Assets/Funkin-master/assets/preload/images/storymenu/week2.png using Guid(6c3fea98c0b80a14bab92c58a1659d5c) Importer(815301076,1909f56bfc062723c751e8b465ee728b)  -> (artifact id: 'e873d899193a1a176404978de456739a') in 0.021365 seconds 
========================================================================
Received Import Request.
  Time since last request: 0.000322 seconds.
  path: Assets/Funkin-master/assets/preload/images/storymenu/week6.png
  artifactKey: Guid(a7a6ef3553baa8642a8316c142d9b918) Importer(815301076,1909f56bfc062723c751e8b465ee728b)
Start importing Assets/Funkin-master/assets/preload/images/storymenu/week6.png using Guid(a7a6ef3553baa8642a8316c142d9b918) Importer(815301076,1909f56bfc062723c751e8b465ee728b)  -> (artifact id: '8d39c78d75d7fbd1c99a0c4017c58b91') in 0.019536 seconds 
========================================================================
Received Import Request.
  Time since last request: 5.711063 seconds.
  path: Assets/Funkin-master/art
  artifactKey: Guid(73d41ea6e23d00a439cc9528b135cdc4) Importer(815301076,1909f56bfc062723c751e8b465ee728b)
Start importing Assets/Funkin-master/art using Guid(73d41ea6e23d00a439cc9528b135cdc4) Importer(815301076,1909f56bfc062723c751e8b465ee728b)  -> (artifact id: '8cc8aea14473e4ed1d045c2773973062') in 0.009018 seconds 
========================================================================
Received Import Request.
  Time since last request: 0.059996 seconds.
  path: Assets/Funkin-master/art/c_z.mp3
  artifactKey: Guid(40319619dc78a4348a85cfc28750e8ca) Importer(815301076,1909f56bfc062723c751e8b465ee728b)
Start importing Assets/Funkin-master/art/c_z.mp3 using Guid(40319619dc78a4348a85cfc28750e8ca) Importer(815301076,1909f56bfc062723c751e8b465ee728b)  -> (artifact id: '92cfe14c604a25d119cbc719257d232d') in 0.072158 seconds 
========================================================================
Received Import Request.
  Time since last request: 0.000289 seconds.
  path: Assets/Funkin-master/art/icon16.png
  artifactKey: Guid(03c822cd8ca87ca45829466927ae818b) Importer(815301076,1909f56bfc062723c751e8b465ee728b)
Start importing Assets/Funkin-master/art/icon16.png using Guid(03c822cd8ca87ca45829466927ae818b) Importer(815301076,1909f56bfc062723c751e8b465ee728b)  -> (artifact id: 'e65f4e1bf568158315b5f691bf6c23b4') in 0.055197 seconds 
========================================================================
Received Import Request.
  Time since last request: 0.000316 seconds.
  path: Assets/Funkin-master/art/FMOD Logo Black - White Background.png
  artifactKey: Guid(8bb1e2c75cc209a41854f544c88d28b9) Importer(815301076,1909f56bfc062723c751e8b465ee728b)
Start importing Assets/Funkin-master/art/FMOD Logo Black - White Background.png using Guid(8bb1e2c75cc209a41854f544c88d28b9) Importer(815301076,1909f56bfc062723c751e8b465ee728b)  -> (artifact id: 'f93008c553a17a7338bd8cd9ba1fc961') in 0.022504 seconds 
========================================================================
Received Import Request.
  Time since last request: 0.000357 seconds.
  path: Assets/Funkin-master/art/thumbnailNewer.png
  artifactKey: Guid(9f55c973cf6b56441a6042246291d6d1) Importer(815301076,1909f56bfc062723c751e8b465ee728b)
Start importing Assets/Funkin-master/art/thumbnailNewer.png using Guid(9f55c973cf6b56441a6042246291d6d1) Importer(815301076,1909f56bfc062723c751e8b465ee728b)  -> (artifact id: '7b433902f9c2dd90f7169ea41191bd36') in 0.027380 seconds 
========================================================================
Received Import Request.
  Time since last request: 0.000284 seconds.
  path: Assets/Funkin-master/art/icon64.png
  artifactKey: Guid(dc414f593108a6f4ea8ed7d4dc858594) Importer(815301076,1909f56bfc062723c751e8b465ee728b)
Start importing Assets/Funkin-master/art/icon64.png using Guid(dc414f593108a6f4ea8ed7d4dc858594) Importer(815301076,1909f56bfc062723c751e8b465ee728b)  -> (artifact id: '9ce92c1f44550ae1f76505ab07ac1806') in 0.022083 seconds 
========================================================================
Received Import Request.
  Time since last request: 0.000340 seconds.
  path: Assets/Funkin-master/art/Funkin.bmp
  artifactKey: Guid(0dfe29a8800a9404cbd7458dbc3b28ce) Importer(815301076,1909f56bfc062723c751e8b465ee728b)
Start importing Assets/Funkin-master/art/Funkin.bmp using Guid(0dfe29a8800a9404cbd7458dbc3b28ce) Importer(815301076,1909f56bfc062723c751e8b465ee728b)  -> (artifact id: 'fb07edf974e987513a9bc7808093f5d7') in 0.026076 seconds 
========================================================================
Received Import Request.
  Time since last request: 0.000302 seconds.
  path: Assets/Funkin-master/art/FMOD Logo White - Black Background.png
  artifactKey: Guid(a143ed614be0e314d815d8316fb3bcce) Importer(815301076,1909f56bfc062723c751e8b465ee728b)
Start importing Assets/Funkin-master/art/FMOD Logo White - Black Background.png using Guid(a143ed614be0e314d815d8316fb3bcce) Importer(815301076,1909f56bfc062723c751e8b465ee728b)  -> (artifact id: '60eff9b17f50fd2cd07aa9a706f976d6') in 0.021338 seconds 
========================================================================
Received Import Request.
  Time since last request: 0.000341 seconds.
  path: Assets/Funkin-master/art/icon32.png
  artifactKey: Guid(3d666ab98ffbed343b9cf63c1dcf06ad) Importer(815301076,1909f56bfc062723c751e8b465ee728b)
Start importing Assets/Funkin-master/art/icon32.png using Guid(3d666ab98ffbed343b9cf63c1dcf06ad) Importer(815301076,1909f56bfc062723c751e8b465ee728b)  -> (artifact id: '6a5085e26a5d7afaea8524d007db1eee') in 0.020301 seconds 
========================================================================
Received Import Request.
  Time since last request: 0.000356 seconds.
  path: Assets/Funkin-master/art/preloaderArt.png
  artifactKey: Guid(920d7655f0b79804587d0e9cf4c4e321) Importer(815301076,1909f56bfc062723c751e8b465ee728b)
Start importing Assets/Funkin-master/art/preloaderArt.png using Guid(920d7655f0b79804587d0e9cf4c4e321) Importer(815301076,1909f56bfc062723c751e8b465ee728b)  -> (artifact id: 'c6b0bbab62d50feee55197e605d5abf5') in 0.023105 seconds 
========================================================================
Received Import Request.
  Time since last request: 0.000337 seconds.
  path: Assets/Funkin-master/art/iconOG.png
  artifactKey: Guid(cd4d409a1d52ae2469de5fd22b259a24) Importer(815301076,1909f56bfc062723c751e8b465ee728b)
Start importing Assets/Funkin-master/art/iconOG.png using Guid(cd4d409a1d52ae2469de5fd22b259a24) Importer(815301076,1909f56bfc062723c751e8b465ee728b)  -> (artifact id: 'c8949d625629156a6c290ac255d28fe9') in 0.022178 seconds 
========================================================================
Received Import Request.
  Time since last request: 0.000383 seconds.
  path: Assets/Funkin-master/art/FunkinAlt.bmp
  artifactKey: Guid(bbebb912569a5514e942229ff0aa318a) Importer(815301076,1909f56bfc062723c751e8b465ee728b)
Start importing Assets/Funkin-master/art/FunkinAlt.bmp using Guid(bbebb912569a5514e942229ff0aa318a) Importer(815301076,1909f56bfc062723c751e8b465ee728b)  -> (artifact id: 'b8bcbe34058668b0a3787b900f8e5b64') in 0.023812 seconds 
========================================================================
Received Import Request.
  Time since last request: 1.933880 seconds.
  path: Assets/Funkin-master/art/flashFiles
  artifactKey: Guid(4e8ad28f38a29ec418b83935559bab71) Importer(815301076,1909f56bfc062723c751e8b465ee728b)
Start importing Assets/Funkin-master/art/flashFiles using Guid(4e8ad28f38a29ec418b83935559bab71) Importer(815301076,1909f56bfc062723c751e8b465ee728b)  -> (artifact id: 'da2e337b314b6344f4193d9636264696') in 0.009064 seconds 
========================================================================
Received Import Request.
  Time since last request: 3.262278 seconds.
  path: Assets/Funkin-master/art/flashFiles/MOM_BG_asset_pack.fla
  artifactKey: Guid(06239235e7381b644a1a6d2567862efe) Importer(815301076,1909f56bfc062723c751e8b465ee728b)
Start importing Assets/Funkin-master/art/flashFiles/MOM_BG_asset_pack.fla using Guid(06239235e7381b644a1a6d2567862efe) Importer(815301076,1909f56bfc062723c751e8b465ee728b)  -> (artifact id: 'c7e4ebed52abef9f88b697dc823eead0') in 0.142249 seconds 
========================================================================
Received Import Request.
  Time since last request: 0.879997 seconds.
  path: Assets/Funkin-master/art/flashFiles/Week_6_BG_2.fla
  artifactKey: Guid(3ace9f83c964f914ca1f39a55c0ee01c) Importer(815301076,1909f56bfc062723c751e8b465ee728b)
Start importing Assets/Funkin-master/art/flashFiles/Week_6_BG_2.fla using Guid(3ace9f83c964f914ca1f39a55c0ee01c) Importer(815301076,1909f56bfc062723c751e8b465ee728b)  -> (artifact id: '48496afdf3dc676e5d0227fb44a77f88') in 0.009191 seconds 
========================================================================
Received Import Request.
  Time since last request: 0.886762 seconds.
  path: Assets/Funkin-master/art/flashFiles/UI_assets.fla
  artifactKey: Guid(7fef101c2d513564d9789890eb097f20) Importer(815301076,1909f56bfc062723c751e8b465ee728b)
Start importing Assets/Funkin-master/art/flashFiles/UI_assets.fla using Guid(7fef101c2d513564d9789890eb097f20) Importer(815301076,1909f56bfc062723c751e8b465ee728b)  -> (artifact id: '9e042d412c62cbb5172ba550485dd8b1') in 0.010108 seconds 
AssetImportWorkerClient::OnTransportError - code=2 error=End of file
